==24505== Invalid read of size 8
==24505==    at 0x109128: insert (in /home/rares/labsd/lab05/exec)
==24505==    by 0x1092C7: main (in /home/rares/labsd/lab05/exec)
==24505==  Address 0x522da98 is 8 bytes after a block of size 16 alloc'd
==24505==    at 0x4C2FB0F: malloc (in /usr/lib/valgrind/vgpreload_memcheck-amd64-linux.so)
==24505==    by 0x108943: InsLG (in /home/rares/labsd/lab05/exec)
==24505==    by 0x108E4F: GenerareListaProd (in /home/rares/labsd/lab05/exec)
==24505==    by 0x1091FE: main (in /home/rares/labsd/lab05/exec)
==24505== 
==24505== Invalid read of size 8
==24505==    at 0x109169: insert (in /home/rares/labsd/lab05/exec)
==24505==    by 0x1092C7: main (in /home/rares/labsd/lab05/exec)
==24505==  Address 0x522da98 is 8 bytes after a block of size 16 alloc'd
==24505==    at 0x4C2FB0F: malloc (in /usr/lib/valgrind/vgpreload_memcheck-amd64-linux.so)
==24505==    by 0x108943: InsLG (in /home/rares/labsd/lab05/exec)
==24505==    by 0x108E4F: GenerareListaProd (in /home/rares/labsd/lab05/exec)
==24505==    by 0x1091FE: main (in /home/rares/labsd/lab05/exec)
==24505== 
==24505== Invalid write of size 8
==24505==    at 0x10918A: insert (in /home/rares/labsd/lab05/exec)
==24505==    by 0x1092C7: main (in /home/rares/labsd/lab05/exec)
==24505==  Address 0x522da98 is 8 bytes after a block of size 16 alloc'd
==24505==    at 0x4C2FB0F: malloc (in /usr/lib/valgrind/vgpreload_memcheck-amd64-linux.so)
==24505==    by 0x108943: InsLG (in /home/rares/labsd/lab05/exec)
==24505==    by 0x108E4F: GenerareListaProd (in /home/rares/labsd/lab05/exec)
==24505==    by 0x1091FE: main (in /home/rares/labsd/lab05/exec)
==24505== 
==24505== 40 (16 direct, 24 indirect) bytes in 1 blocks are definitely lost in loss record 2 of 2
==24505==    at 0x4C2FB0F: malloc (in /usr/lib/valgrind/vgpreload_memcheck-amd64-linux.so)
==24505==    by 0x109138: insert (in /home/rares/labsd/lab05/exec)
==24505==    by 0x1092C7: main (in /home/rares/labsd/lab05/exec)
==24505== 
